2015-05-03 18:17:06,791 INFO RPC interface 'supervisor' initialized
2015-05-03 18:17:06,791 CRIT Server 'inet_http_server' running without any HTTP authentication checking
2015-05-03 18:17:07,093 INFO RPC interface 'supervisor' initialized
2015-05-03 18:17:07,093 CRIT Server 'unix_http_server' running without any HTTP authentication checking
2015-05-03 18:17:07,094 INFO daemonizing the supervisord process
2015-05-03 18:17:07,095 INFO supervisord started with pid 9093
2015-05-03 18:17:08,098 INFO spawned: 'test' with pid 9094
2015-05-03 18:17:09,100 INFO success: test entered RUNNING state, process has stayed up for > than 1 seconds (startsecs)
2015-05-03 18:18:00,288 INFO exited: test (terminated by SIGKILL; not expected)
2015-05-03 18:18:01,293 INFO spawned: 'test' with pid 9130
2015-05-03 18:18:02,297 INFO success: test entered RUNNING state, process has stayed up for > than 1 seconds (startsecs)
2015-05-03 18:20:01,415 INFO exited: test (exit status 0; expected)
2015-05-03 18:28:06,467 INFO RPC interface 'supervisor' initialized
2015-05-03 18:28:06,467 CRIT Server 'inet_http_server' running without any HTTP authentication checking
2015-05-03 18:28:06,769 INFO RPC interface 'supervisor' initialized
2015-05-03 18:28:06,769 CRIT Server 'unix_http_server' running without any HTTP authentication checking
2015-05-03 18:28:06,771 INFO daemonizing the supervisord process
2015-05-03 18:28:06,772 INFO supervisord started with pid 9875
2015-05-03 18:28:07,777 INFO spawned: 'test' with pid 9878
2015-05-03 18:28:08,779 INFO success: test entered RUNNING state, process has stayed up for > than 1 seconds (startsecs)
2015-05-03 18:30:07,825 INFO exited: test (exit status 0; expected)
