2014-03-13 12:08:12,758 - __main__ - logger.py - 30 - DEBUG - debug message
2014-03-13 12:08:12,758 - __main__ - logger.py - 31 - INFO - info message
2014-03-13 12:08:12,758 - __main__ - logger.py - 32 - WARNING - warn message
2014-03-13 12:08:12,758 - __main__ - logger.py - 33 - ERROR - error message
2014-03-13 12:08:12,758 - __main__ - logger.py - 34 - CRITICAL - critical message
2014-03-13 13:08:36,659 - __main__ - logger.py - 30 - DEBUG - debug message
2014-03-13 13:08:36,659 - __main__ - logger.py - 31 - INFO - info message
2014-03-13 13:08:36,659 - __main__ - logger.py - 32 - WARNING - warn message
2014-03-13 13:08:36,659 - __main__ - logger.py - 33 - ERROR - error message
2014-03-13 13:08:36,659 - __main__ - logger.py - 34 - CRITICAL - critical message
2014-03-13 13:09:27,597 - LoggerDemo - logger.py - 30 - DEBUG - debug message
2014-03-13 13:09:27,597 - LoggerDemo - logger.py - 31 - INFO - info message
2014-03-13 13:09:27,598 - LoggerDemo - logger.py - 32 - WARNING - warn message
2014-03-13 13:09:27,598 - LoggerDemo - logger.py - 33 - ERROR - error message
2014-03-13 13:09:27,598 - LoggerDemo - logger.py - 34 - CRITICAL - critical message
2014-12-06 22:55:56,874 - LoggerDemo - logger.py - 30 - DEBUG - debug message
2014-12-06 22:55:56,915 - LoggerDemo - logger.py - 31 - INFO - info message
2014-12-06 22:55:56,915 - LoggerDemo - logger.py - 32 - WARNING - warn message
2014-12-06 22:55:56,916 - LoggerDemo - logger.py - 33 - ERROR - error message
2014-12-06 22:55:56,916 - LoggerDemo - logger.py - 34 - CRITICAL - critical message
2014-12-06 22:56:37,387 - LoggerDemo - logger.py - 30 - DEBUG - debug message
2014-12-06 22:56:37,388 - LoggerDemo - logger.py - 31 - INFO - info message
2014-12-06 22:56:37,388 - LoggerDemo - logger.py - 32 - WARNING - warn message
2014-12-06 22:56:37,388 - LoggerDemo - logger.py - 33 - ERROR - error message
2014-12-06 22:56:37,388 - LoggerDemo - logger.py - 34 - CRITICAL - critical message
